@!@!@STARTMSG 2262:0 @!@!@
TLC2 Version 2.19 of 08 August 2024 (rev: 5a47802)
@!@!@ENDMSG 2262 @!@!@
@!@!@STARTMSG 2187:0 @!@!@
Running breadth-first search Model-Checking with fp 57 and seed 2757427350442561696 with 16 workers on 8 cores with 3643MB heap and 8191MB offheap memory [pid: 83960] (Mac OS X 10.16 x86_64, AdoptOpenJDK 14.0.1 x86_64, OffHeapDiskFPSet, DiskStateQueue).
@!@!@ENDMSG 2187 @!@!@
@!@!@STARTMSG 2220:0 @!@!@
Starting SANY...
@!@!@ENDMSG 2220 @!@!@
Parsing file /Users/mrosenberg/.tlaplus/Calc/Orange_draft1/Orange.toolbox/Model_1/MC.tla
Parsing file /Users/mrosenberg/.tlaplus/Calc/Orange_draft1/Orange.toolbox/Model_1/orange_draft1.tla
Parsing file /Applications/TLA+ Toolbox.app/Contents/Eclipse/plugins/org.lamport.tlatools_1.0.0.202408081326/tla2sany/StandardModules/TLC.tla
Parsing file /Applications/TLA+ Toolbox.app/Contents/Eclipse/plugins/org.lamport.tlatools_1.0.0.202408081326/tla2sany/StandardModules/Integers.tla
Parsing file /Applications/TLA+ Toolbox.app/Contents/Eclipse/plugins/org.lamport.tlatools_1.0.0.202408081326/tla2sany/StandardModules/Sequences.tla
Parsing file /Applications/TLA+ Toolbox.app/Contents/Eclipse/plugins/org.lamport.tlatools_1.0.0.202408081326/tla2sany/StandardModules/FiniteSets.tla
Parsing file /Applications/TLA+ Toolbox.app/Contents/Eclipse/plugins/org.lamport.tlatools_1.0.0.202408081326/tla2sany/StandardModules/Naturals.tla
Semantic processing of module Naturals
Semantic processing of module Integers
Semantic processing of module Sequences
Semantic processing of module FiniteSets
Semantic processing of module TLC
Semantic processing of module orange_draft1
Semantic processing of module MC
@!@!@STARTMSG 2219:0 @!@!@
SANY finished.
@!@!@ENDMSG 2219 @!@!@
@!@!@STARTMSG 2185:0 @!@!@
Starting... (2025-01-10 14:55:02)
@!@!@ENDMSG 2185 @!@!@
@!@!@STARTMSG 2189:0 @!@!@
Computing initial states...
@!@!@ENDMSG 2189 @!@!@
@!@!@STARTMSG 2190:0 @!@!@
Finished computing initial states: 1 distinct state generated at 2025-01-10 14:55:03.
@!@!@ENDMSG 2190 @!@!@
@!@!@STARTMSG 2200:0 @!@!@
Progress(15) at 2025-01-10 14:55:06: 155,468 states generated (155,468 s/min), 70,302 distinct states found (70,302 ds/min), 39,225 states left on queue.
@!@!@ENDMSG 2200 @!@!@
@!@!@STARTMSG 2200:0 @!@!@
Progress(23) at 2025-01-10 14:56:07: 6,415,392 states generated (6,259,924 s/min), 2,725,543 distinct states found (2,655,241 ds/min), 608,344 states left on queue.
@!@!@ENDMSG 2200 @!@!@
@!@!@STARTMSG 2200:0 @!@!@
Progress(26) at 2025-01-10 14:57:07: 11,402,772 states generated (4,987,380 s/min), 4,600,744 distinct states found (1,875,201 ds/min), 827,244 states left on queue.
@!@!@ENDMSG 2200 @!@!@
@!@!@STARTMSG 2200:0 @!@!@
Progress(28) at 2025-01-10 14:58:07: 16,025,533 states generated (4,622,761 s/min), 6,272,816 distinct states found (1,672,072 ds/min), 1,039,637 states left on queue.
@!@!@ENDMSG 2200 @!@!@
@!@!@STARTMSG 2200:0 @!@!@
Progress(29) at 2025-01-10 14:59:07: 20,452,862 states generated (4,427,329 s/min), 7,862,575 distinct states found (1,589,759 ds/min), 1,238,680 states left on queue.
@!@!@ENDMSG 2200 @!@!@
@!@!@STARTMSG 2200:0 @!@!@
Progress(30) at 2025-01-10 15:00:07: 24,668,323 states generated (4,215,461 s/min), 9,349,717 distinct states found (1,487,142 ds/min), 1,372,370 states left on queue.
@!@!@ENDMSG 2200 @!@!@
@!@!@STARTMSG 2200:0 @!@!@
Progress(31) at 2025-01-10 15:01:07: 28,760,675 states generated (4,092,352 s/min), 10,792,766 distinct states found (1,443,049 ds/min), 1,465,722 states left on queue.
@!@!@ENDMSG 2200 @!@!@
@!@!@STARTMSG 2200:0 @!@!@
Progress(32) at 2025-01-10 15:02:07: 32,761,562 states generated (4,000,887 s/min), 12,196,379 distinct states found (1,403,613 ds/min), 1,505,606 states left on queue.
@!@!@ENDMSG 2200 @!@!@
@!@!@STARTMSG 2200:0 @!@!@
Progress(33) at 2025-01-10 15:03:07: 36,641,872 states generated (3,880,310 s/min), 13,550,083 distinct states found (1,353,704 ds/min), 1,487,410 states left on queue.
@!@!@ENDMSG 2200 @!@!@
@!@!@STARTMSG 2200:0 @!@!@
Progress(34) at 2025-01-10 15:04:07: 40,385,679 states generated (3,743,807 s/min), 14,839,901 distinct states found (1,289,818 ds/min), 1,390,259 states left on queue.
@!@!@ENDMSG 2200 @!@!@
@!@!@STARTMSG 2200:0 @!@!@
Progress(35) at 2025-01-10 15:05:07: 43,739,199 states generated (3,353,520 s/min), 15,994,710 distinct states found (1,154,809 ds/min), 1,230,738 states left on queue.
@!@!@ENDMSG 2200 @!@!@
@!@!@STARTMSG 2200:0 @!@!@
Progress(36) at 2025-01-10 15:06:07: 47,221,236 states generated (3,482,037 s/min), 17,213,773 distinct states found (1,219,063 ds/min), 1,023,428 states left on queue.
@!@!@ENDMSG 2200 @!@!@
@!@!@STARTMSG 2200:0 @!@!@
Progress(37) at 2025-01-10 15:07:07: 50,503,632 states generated (3,282,396 s/min), 18,378,910 distinct states found (1,165,137 ds/min), 740,211 states left on queue.
@!@!@ENDMSG 2200 @!@!@
@!@!@STARTMSG 2200:0 @!@!@
Progress(40) at 2025-01-10 15:08:07: 53,704,059 states generated (3,200,427 s/min), 19,550,113 distinct states found (1,171,203 ds/min), 366,088 states left on queue.
@!@!@ENDMSG 2200 @!@!@
@!@!@STARTMSG 2193:0 @!@!@
Model checking completed. No error has been found.
  Estimates of the probability that TLC did not check all reachable states
  because two distinct states had the same fingerprint:
  calculated (optimistic):  val = 3.8E-5
  based on the actual fingerprints:  val = 2.1E-4
@!@!@ENDMSG 2193 @!@!@
@!@!@STARTMSG 2200:0 @!@!@
Progress(48) at 2025-01-10 15:08:39: 55,374,565 states generated (4,062,647 s/min), 20,165,835 distinct states found (1,479,500 ds/min), 0 states left on queue.
@!@!@ENDMSG 2200 @!@!@
@!@!@STARTMSG 2199:0 @!@!@
55374565 states generated, 20165835 distinct states found, 0 states left on queue.
@!@!@ENDMSG 2199 @!@!@
@!@!@STARTMSG 2194:0 @!@!@
The depth of the complete state graph search is 48.
@!@!@ENDMSG 2194 @!@!@
@!@!@STARTMSG 2268:0 @!@!@
The average outdegree of the complete state graph is 1 (minimum is 0, the maximum 8 and the 95th percentile is 3).
@!@!@ENDMSG 2268 @!@!@
@!@!@STARTMSG 2186:0 @!@!@
Finished in 817840ms at (2025-01-10 15:08:39)
@!@!@ENDMSG 2186 @!@!@
