@!@!@STARTMSG 2262:0 @!@!@
TLC2 Version 2.19 of 08 August 2024 (rev: 5a47802)
@!@!@ENDMSG 2262 @!@!@
@!@!@STARTMSG 2187:0 @!@!@
Running breadth-first search Model-Checking with fp 53 and seed 1937757608051130813 with 16 workers on 8 cores with 3643MB heap and 8191MB offheap memory [pid: 66079] (Mac OS X 10.16 x86_64, AdoptOpenJDK 14.0.1 x86_64, OffHeapDiskFPSet, DiskStateQueue).
@!@!@ENDMSG 2187 @!@!@
@!@!@STARTMSG 2220:0 @!@!@
Starting SANY...
@!@!@ENDMSG 2220 @!@!@
Parsing file /Users/mrosenberg/.tlaplus/Calc/Orange_draft1/Orange.toolbox/Model_1/MC.tla
Parsing file /Users/mrosenberg/.tlaplus/Calc/Orange_draft1/Orange.toolbox/Model_1/orange_draft1.tla
Parsing file /Applications/TLA+ Toolbox.app/Contents/Eclipse/plugins/org.lamport.tlatools_1.0.0.202408081326/tla2sany/StandardModules/TLC.tla
Parsing file /Applications/TLA+ Toolbox.app/Contents/Eclipse/plugins/org.lamport.tlatools_1.0.0.202408081326/tla2sany/StandardModules/Integers.tla
Parsing file /Applications/TLA+ Toolbox.app/Contents/Eclipse/plugins/org.lamport.tlatools_1.0.0.202408081326/tla2sany/StandardModules/Sequences.tla
Parsing file /Applications/TLA+ Toolbox.app/Contents/Eclipse/plugins/org.lamport.tlatools_1.0.0.202408081326/tla2sany/StandardModules/FiniteSets.tla
Parsing file /Applications/TLA+ Toolbox.app/Contents/Eclipse/plugins/org.lamport.tlatools_1.0.0.202408081326/tla2sany/StandardModules/Naturals.tla
Semantic processing of module Naturals
Semantic processing of module Integers
Semantic processing of module Sequences
Semantic processing of module FiniteSets
Semantic processing of module TLC
Semantic processing of module orange_draft1
Semantic processing of module MC
@!@!@STARTMSG 2219:0 @!@!@
SANY finished.
@!@!@ENDMSG 2219 @!@!@
@!@!@STARTMSG 2185:0 @!@!@
Starting... (2025-01-11 21:42:32)
@!@!@ENDMSG 2185 @!@!@
@!@!@STARTMSG 2189:0 @!@!@
Computing initial states...
@!@!@ENDMSG 2189 @!@!@
@!@!@STARTMSG 2190:0 @!@!@
Finished computing initial states: 1 distinct state generated at 2025-01-11 21:42:33.
@!@!@ENDMSG 2190 @!@!@
@!@!@STARTMSG 2200:0 @!@!@
Progress(14) at 2025-01-11 21:42:36: 63,027 states generated (63,027 s/min), 35,352 distinct states found (35,352 ds/min), 18,575 states left on queue.
@!@!@ENDMSG 2200 @!@!@
@!@!@STARTMSG 2200:0 @!@!@
Progress(23) at 2025-01-11 21:43:36: 4,239,953 states generated (4,176,926 s/min), 1,877,996 distinct states found (1,842,644 ds/min), 489,847 states left on queue.
@!@!@ENDMSG 2200 @!@!@
@!@!@STARTMSG 2200:0 @!@!@
Progress(25) at 2025-01-11 21:44:36: 7,725,436 states generated (3,485,483 s/min), 3,214,997 distinct states found (1,337,001 ds/min), 663,428 states left on queue.
@!@!@ENDMSG 2200 @!@!@
@!@!@STARTMSG 2200:0 @!@!@
Progress(26) at 2025-01-11 21:45:37: 10,950,875 states generated (3,225,439 s/min), 4,426,193 distinct states found (1,211,196 ds/min), 799,679 states left on queue.
@!@!@ENDMSG 2200 @!@!@
@!@!@STARTMSG 2200:0 @!@!@
Progress(27) at 2025-01-11 21:46:37: 14,069,367 states generated (3,118,492 s/min), 5,572,275 distinct states found (1,146,082 ds/min), 953,001 states left on queue.
@!@!@ENDMSG 2200 @!@!@
@!@!@STARTMSG 2200:0 @!@!@
Progress(28) at 2025-01-11 21:47:37: 17,118,722 states generated (3,049,355 s/min), 6,670,884 distinct states found (1,098,609 ds/min), 1,094,931 states left on queue.
@!@!@ENDMSG 2200 @!@!@
@!@!@STARTMSG 2200:0 @!@!@
Progress(29) at 2025-01-11 21:48:37: 20,100,591 states generated (2,981,869 s/min), 7,738,069 distinct states found (1,067,185 ds/min), 1,226,818 states left on queue.
@!@!@ENDMSG 2200 @!@!@
@!@!@STARTMSG 2200:0 @!@!@
Progress(30) at 2025-01-11 21:49:37: 23,020,334 states generated (2,919,743 s/min), 8,767,423 distinct states found (1,029,354 ds/min), 1,329,903 states left on queue.
@!@!@ENDMSG 2200 @!@!@
@!@!@STARTMSG 2200:0 @!@!@
Progress(31) at 2025-01-11 21:50:37: 25,898,898 states generated (2,878,564 s/min), 9,775,724 distinct states found (1,008,301 ds/min), 1,402,087 states left on queue.
@!@!@ENDMSG 2200 @!@!@
@!@!@STARTMSG 2200:0 @!@!@
Progress(31) at 2025-01-11 21:51:37: 28,688,985 states generated (2,790,087 s/min), 10,774,537 distinct states found (998,813 ds/min), 1,469,735 states left on queue.
@!@!@ENDMSG 2200 @!@!@
@!@!@STARTMSG 2200:0 @!@!@
Progress(32) at 2025-01-11 21:52:37: 31,414,200 states generated (2,725,215 s/min), 11,722,664 distinct states found (948,127 ds/min), 1,505,203 states left on queue.
@!@!@ENDMSG 2200 @!@!@
@!@!@STARTMSG 2200:0 @!@!@
Progress(33) at 2025-01-11 21:53:37: 34,146,214 states generated (2,732,014 s/min), 12,663,004 distinct states found (940,340 ds/min), 1,485,992 states left on queue.
@!@!@ENDMSG 2200 @!@!@
@!@!@STARTMSG 2200:0 @!@!@
Progress(33) at 2025-01-11 21:54:37: 36,770,660 states generated (2,624,446 s/min), 13,590,084 distinct states found (927,080 ds/min), 1,479,448 states left on queue.
@!@!@ENDMSG 2200 @!@!@
@!@!@STARTMSG 2200:0 @!@!@
Progress(34) at 2025-01-11 21:55:37: 39,260,151 states generated (2,489,491 s/min), 14,431,585 distinct states found (841,501 ds/min), 1,394,548 states left on queue.
@!@!@ENDMSG 2200 @!@!@
@!@!@STARTMSG 2200:0 @!@!@
Progress(35) at 2025-01-11 21:56:37: 41,634,116 states generated (2,373,965 s/min), 15,250,478 distinct states found (818,893 ds/min), 1,295,184 states left on queue.
@!@!@ENDMSG 2200 @!@!@
@!@!@STARTMSG 2200:0 @!@!@
Progress(35) at 2025-01-11 21:57:37: 43,968,674 states generated (2,334,558 s/min), 16,073,949 distinct states found (823,471 ds/min), 1,221,376 states left on queue.
@!@!@ENDMSG 2200 @!@!@
@!@!@STARTMSG 2200:0 @!@!@
Progress(36) at 2025-01-11 21:58:37: 45,923,319 states generated (1,954,645 s/min), 16,747,621 distinct states found (673,672 ds/min), 1,087,935 states left on queue.
@!@!@ENDMSG 2200 @!@!@
@!@!@STARTMSG 2200:0 @!@!@
Progress(37) at 2025-01-11 21:59:37: 47,879,801 states generated (1,956,482 s/min), 17,440,571 distinct states found (692,950 ds/min), 963,953 states left on queue.
@!@!@ENDMSG 2200 @!@!@
@!@!@STARTMSG 2200:0 @!@!@
Progress(37) at 2025-01-11 22:00:37: 49,625,964 states generated (1,746,163 s/min), 18,068,968 distinct states found (628,397 ds/min), 828,694 states left on queue.
@!@!@ENDMSG 2200 @!@!@
@!@!@STARTMSG 2200:0 @!@!@
Progress(38) at 2025-01-11 22:01:37: 51,445,374 states generated (1,819,410 s/min), 18,724,906 distinct states found (655,938 ds/min), 650,264 states left on queue.
@!@!@ENDMSG 2200 @!@!@
@!@!@STARTMSG 2200:0 @!@!@
Progress(40) at 2025-01-11 22:02:37: 53,130,387 states generated (1,685,013 s/min), 19,338,216 distinct states found (613,310 ds/min), 445,704 states left on queue.
@!@!@ENDMSG 2200 @!@!@
@!@!@STARTMSG 2200:0 @!@!@
Progress(42) at 2025-01-11 22:03:37: 54,676,594 states generated (1,546,207 s/min), 19,908,809 distinct states found (570,593 ds/min), 186,607 states left on queue.
@!@!@ENDMSG 2200 @!@!@
@!@!@STARTMSG 2193:0 @!@!@
Model checking completed. No error has been found.
  Estimates of the probability that TLC did not check all reachable states
  because two distinct states had the same fingerprint:
  calculated (optimistic):  val = 3.8E-5
  based on the actual fingerprints:  val = 7.1E-6
@!@!@ENDMSG 2193 @!@!@
@!@!@STARTMSG 2200:0 @!@!@
Progress(48) at 2025-01-11 22:04:15: 55,374,565 states generated (2,548,042 s/min), 20,165,835 distinct states found (927,924 ds/min), 0 states left on queue.
@!@!@ENDMSG 2200 @!@!@
@!@!@STARTMSG 2199:0 @!@!@
55374565 states generated, 20165835 distinct states found, 0 states left on queue.
@!@!@ENDMSG 2199 @!@!@
@!@!@STARTMSG 2194:0 @!@!@
The depth of the complete state graph search is 48.
@!@!@ENDMSG 2194 @!@!@
@!@!@STARTMSG 2268:0 @!@!@
The average outdegree of the complete state graph is 1 (minimum is 0, the maximum 8 and the 95th percentile is 3).
@!@!@ENDMSG 2268 @!@!@
@!@!@STARTMSG 2186:0 @!@!@
Finished in 1303969ms at (2025-01-11 22:04:15)
@!@!@ENDMSG 2186 @!@!@
